{"/home/evo/frontend-project-46/src/diff.js": {"path":"/home/evo/frontend-project-46/src/diff.js","statementMap":{"0":{"start":{"line":5,"column":13},"end":{"line":77,"column":1}},"1":{"start":{"line":6,"column":16},"end":{"line":6,"column":39}},"2":{"start":{"line":7,"column":16},"end":{"line":7,"column":39}},"3":{"start":{"line":9,"column":21},"end":{"line":9,"column":43}},"4":{"start":{"line":10,"column":21},"end":{"line":10,"column":43}},"5":{"start":{"line":12,"column":22},"end":{"line":12,"column":44}},"6":{"start":{"line":13,"column":22},"end":{"line":13,"column":44}},"7":{"start":{"line":15,"column":16},"end":{"line":15,"column":40}},"8":{"start":{"line":16,"column":16},"end":{"line":16,"column":40}},"9":{"start":{"line":18,"column":18},"end":{"line":18,"column":38}},"10":{"start":{"line":20,"column":23},"end":{"line":25,"column":8}},"11":{"start":{"line":21,"column":4},"end":{"line":23,"column":5}},"12":{"start":{"line":22,"column":6},"end":{"line":22,"column":73}},"13":{"start":{"line":24,"column":4},"end":{"line":24,"column":25}},"14":{"start":{"line":33,"column":21},"end":{"line":33,"column":43}},"15":{"start":{"line":35,"column":23},"end":{"line":52,"column":8}},"16":{"start":{"line":36,"column":25},"end":{"line":36,"column":41}},"17":{"start":{"line":37,"column":25},"end":{"line":37,"column":41}},"18":{"start":{"line":39,"column":4},"end":{"line":41,"column":5}},"19":{"start":{"line":40,"column":6},"end":{"line":40,"column":36}},"20":{"start":{"line":42,"column":4},"end":{"line":44,"column":5}},"21":{"start":{"line":43,"column":6},"end":{"line":43,"column":36}},"22":{"start":{"line":45,"column":4},"end":{"line":47,"column":5}},"23":{"start":{"line":46,"column":6},"end":{"line":46,"column":36}},"24":{"start":{"line":48,"column":4},"end":{"line":50,"column":5}},"25":{"start":{"line":49,"column":6},"end":{"line":49,"column":50}},"26":{"start":{"line":51,"column":4},"end":{"line":51,"column":15}},"27":{"start":{"line":54,"column":29},"end":{"line":70,"column":4}},"28":{"start":{"line":55,"column":25},"end":{"line":55,"column":40}},"29":{"start":{"line":56,"column":19},"end":{"line":56,"column":35}},"30":{"start":{"line":57,"column":19},"end":{"line":57,"column":35}},"31":{"start":{"line":63,"column":4},"end":{"line":68,"column":5}},"32":{"start":{"line":64,"column":6},"end":{"line":66,"column":7}},"33":{"start":{"line":65,"column":8},"end":{"line":65,"column":43}},"34":{"start":{"line":67,"column":6},"end":{"line":67,"column":41}},"35":{"start":{"line":69,"column":4},"end":{"line":69,"column":39}},"36":{"start":{"line":72,"column":17},"end":{"line":72,"column":61}},"37":{"start":{"line":76,"column":2},"end":{"line":76,"column":16}}},"fnMap":{"0":{"name":"(anonymous_0)","decl":{"start":{"line":5,"column":13},"end":{"line":5,"column":14}},"loc":{"start":{"line":5,"column":39},"end":{"line":77,"column":1}},"line":5},"1":{"name":"(anonymous_1)","decl":{"start":{"line":20,"column":38},"end":{"line":20,"column":39}},"loc":{"start":{"line":20,"column":52},"end":{"line":25,"column":3}},"line":20},"2":{"name":"(anonymous_2)","decl":{"start":{"line":35,"column":41},"end":{"line":35,"column":42}},"loc":{"start":{"line":35,"column":55},"end":{"line":52,"column":3}},"line":35},"3":{"name":"(anonymous_3)","decl":{"start":{"line":54,"column":44},"end":{"line":54,"column":45}},"loc":{"start":{"line":54,"column":56},"end":{"line":70,"column":3}},"line":54}},"branchMap":{"0":{"loc":{"start":{"line":21,"column":4},"end":{"line":23,"column":5}},"type":"if","locations":[{"start":{"line":21,"column":4},"end":{"line":23,"column":5}},{"start":{},"end":{}}],"line":21},"1":{"loc":{"start":{"line":22,"column":13},"end":{"line":22,"column":72}},"type":"cond-expr","locations":[{"start":{"line":22,"column":53},"end":{"line":22,"column":56}},{"start":{"line":22,"column":59},"end":{"line":22,"column":72}}],"line":22},"2":{"loc":{"start":{"line":39,"column":4},"end":{"line":41,"column":5}},"type":"if","locations":[{"start":{"line":39,"column":4},"end":{"line":41,"column":5}},{"start":{},"end":{}}],"line":39},"3":{"loc":{"start":{"line":42,"column":4},"end":{"line":44,"column":5}},"type":"if","locations":[{"start":{"line":42,"column":4},"end":{"line":44,"column":5}},{"start":{},"end":{}}],"line":42},"4":{"loc":{"start":{"line":42,"column":8},"end":{"line":42,"column":75}},"type":"binary-expr","locations":[{"start":{"line":42,"column":8},"end":{"line":42,"column":39}},{"start":{"line":42,"column":43},"end":{"line":42,"column":75}}],"line":42},"5":{"loc":{"start":{"line":45,"column":4},"end":{"line":47,"column":5}},"type":"if","locations":[{"start":{"line":45,"column":4},"end":{"line":47,"column":5}},{"start":{},"end":{}}],"line":45},"6":{"loc":{"start":{"line":45,"column":8},"end":{"line":45,"column":75}},"type":"binary-expr","locations":[{"start":{"line":45,"column":8},"end":{"line":45,"column":40}},{"start":{"line":45,"column":44},"end":{"line":45,"column":75}}],"line":45},"7":{"loc":{"start":{"line":48,"column":4},"end":{"line":50,"column":5}},"type":"if","locations":[{"start":{"line":48,"column":4},"end":{"line":50,"column":5}},{"start":{},"end":{}}],"line":48},"8":{"loc":{"start":{"line":48,"column":8},"end":{"line":48,"column":66}},"type":"binary-expr","locations":[{"start":{"line":48,"column":8},"end":{"line":48,"column":35}},{"start":{"line":48,"column":39},"end":{"line":48,"column":66}}],"line":48},"9":{"loc":{"start":{"line":63,"column":4},"end":{"line":68,"column":5}},"type":"if","locations":[{"start":{"line":63,"column":4},"end":{"line":68,"column":5}},{"start":{},"end":{}}],"line":63},"10":{"loc":{"start":{"line":64,"column":6},"end":{"line":66,"column":7}},"type":"if","locations":[{"start":{"line":64,"column":6},"end":{"line":66,"column":7}},{"start":{},"end":{}}],"line":64}},"s":{"0":1,"1":1,"2":1,"3":1,"4":1,"5":1,"6":1,"7":1,"8":1,"9":1,"10":1,"11":7,"12":2,"13":5,"14":1,"15":1,"16":6,"17":6,"18":6,"19":1,"20":5,"21":2,"22":3,"23":1,"24":2,"25":1,"26":1,"27":1,"28":6,"29":6,"30":6,"31":6,"32":5,"33":3,"34":2,"35":1,"36":1,"37":1},"f":{"0":1,"1":7,"2":6,"3":6},"b":{"0":[2,5],"1":[1,1],"2":[1,5],"3":[2,3],"4":[5,4],"5":[1,2],"6":[3,1],"7":[1,1],"8":[2,1],"9":[5,1],"10":[3,2]},"_coverageSchema":"1a1c01bbd47fc00a2c39e90264f33305004495a9","hash":"d84b21e95cd2dec2b1fe1540cebffe86c6d17202"}
}
