TN:
SF:src/diff.js
FN:5,(anonymous_0)
FN:20,(anonymous_1)
FN:35,(anonymous_2)
FN:54,(anonymous_3)
FNF:4
FNH:4
FNDA:1,(anonymous_0)
FNDA:7,(anonymous_1)
FNDA:6,(anonymous_2)
FNDA:6,(anonymous_3)
DA:5,1
DA:6,1
DA:7,1
DA:9,1
DA:10,1
DA:12,1
DA:13,1
DA:15,1
DA:16,1
DA:18,1
DA:20,1
DA:21,7
DA:22,2
DA:24,5
DA:33,1
DA:35,1
DA:36,6
DA:37,6
DA:39,6
DA:40,1
DA:42,5
DA:43,2
DA:45,3
DA:46,1
DA:48,2
DA:49,1
DA:51,1
DA:54,1
DA:55,6
DA:56,6
DA:57,6
DA:63,6
DA:64,5
DA:65,3
DA:67,2
DA:69,1
DA:72,1
DA:76,1
LF:38
LH:38
BRDA:21,0,0,2
BRDA:21,0,1,5
BRDA:22,1,0,1
BRDA:22,1,1,1
BRDA:39,2,0,1
BRDA:39,2,1,5
BRDA:42,3,0,2
BRDA:42,3,1,3
BRDA:42,4,0,5
BRDA:42,4,1,4
BRDA:45,5,0,1
BRDA:45,5,1,2
BRDA:45,6,0,3
BRDA:45,6,1,1
BRDA:48,7,0,1
BRDA:48,7,1,1
BRDA:48,8,0,2
BRDA:48,8,1,1
BRDA:63,9,0,5
BRDA:63,9,1,1
BRDA:64,10,0,3
BRDA:64,10,1,2
BRF:22
BRH:22
end_of_record
