TN:
SF:src/diff.js
FN:5,(anonymous_0)
FNF:1
FNH:1
FNDA:2,(anonymous_0)
DA:5,1
DA:6,2
DA:7,1
DA:10,1
LF:4
LH:4
BRDA:6,0,0,1
BRDA:6,0,1,1
BRDA:6,1,0,2
BRDA:6,1,1,2
BRF:4
BRH:4
end_of_record
TN:
SF:src/diffEngine.js
FN:3,(anonymous_0)
FN:9,(anonymous_1)
FN:18,(anonymous_2)
FNF:3
FNH:3
FNDA:4,(anonymous_0)
FNDA:28,(anonymous_1)
FNDA:24,(anonymous_2)
DA:3,3
DA:4,4
DA:5,4
DA:7,4
DA:9,4
DA:10,28
DA:11,8
DA:13,20
DA:16,4
DA:18,4
DA:19,24
DA:20,24
DA:21,24
DA:22,4
DA:25,20
DA:26,8
DA:29,12
DA:30,4
DA:33,8
DA:36,4
DA:39,4
LF:21
LH:21
BRDA:10,0,0,8
BRDA:10,0,1,20
BRDA:11,1,0,4
BRDA:11,1,1,4
BRDA:21,2,0,4
BRDA:21,2,1,20
BRDA:25,3,0,8
BRDA:25,3,1,12
BRDA:25,4,0,20
BRDA:25,4,1,16
BRDA:29,5,0,4
BRDA:29,5,1,8
BRDA:29,6,0,12
BRDA:29,6,1,4
BRF:14
BRH:14
end_of_record
TN:
SF:src/helpers.js
FN:3,(anonymous_0)
FNF:1
FNH:1
FNDA:4,(anonymous_0)
DA:3,1
DA:4,4
DA:5,4
LF:3
LH:3
BRF:0
BRH:0
end_of_record
TN:
SF:src/jsonDiff.js
FN:4,(anonymous_0)
FNF:1
FNH:1
FNDA:2,(anonymous_0)
DA:4,2
DA:5,2
DA:7,2
LF:3
LH:3
BRF:0
BRH:0
end_of_record
TN:
SF:src/parsers.js
FN:5,(anonymous_0)
FN:18,(anonymous_1)
FNF:2
FNH:2
FNDA:2,(anonymous_0)
FNDA:2,(anonymous_1)
DA:5,3
DA:6,2
DA:7,2
DA:9,2
DA:10,2
DA:12,2
DA:13,2
DA:15,2
DA:18,3
DA:19,2
DA:20,2
DA:22,2
DA:23,2
DA:25,2
DA:26,2
DA:28,2
LF:16
LH:16
BRF:0
BRH:0
end_of_record
TN:
SF:src/yamlDiff.js
FN:4,(anonymous_0)
FNF:1
FNH:1
FNDA:2,(anonymous_0)
DA:4,2
DA:5,2
DA:7,2
LF:3
LH:3
BRF:0
BRH:0
end_of_record
